# JRE version: OpenJDK Runtime Environment (8.0_112-b06) (build 1.8.0_112-release-b06)
# Java VM: OpenJDK 64-Bit Server VM (25.112-b06 mixed mode windows-amd64 compressed oops)
Heap:
 PSYoungGen      total 120320K, used 79751K [0x00000000e0000000, 0x00000000ebd00000, 0x0000000100000000)
  eden space 108544K, 73% used [0x00000000e0000000,0x00000000e4de1d68,0x00000000e6a00000)
  from space 11776K, 0% used [0x00000000e6a00000,0x00000000e6a00000,0x00000000e7580000)
  to   space 11776K, 0% used [0x00000000eb180000,0x00000000eb180000,0x00000000ebd00000)
 ParOldGen       total 69632K, used 14148K [0x00000000a0000000, 0x00000000a4400000, 0x00000000e0000000)
  object space 69632K, 20% used [0x00000000a0000000,0x00000000a0dd10c0,0x00000000a4400000)
 Metaspace       used 41505K, capacity 42262K, committed 42496K, reserved 1085440K
  class space    used 5582K, capacity 5765K, committed 5888K, reserved 1048576K
GC Heap History (10 events):
Event: 20.751 GC heap before
{Heap before GC invocations=7 (full 1):
 PSYoungGen      total 38400K, used 38038K [0x00000000e0000000, 0x00000000e5000000, 0x0000000100000000)
  eden space 33280K, 100% used [0x00000000e0000000,0x00000000e2080000,0x00000000e2080000)
  from space 5120K, 92% used [0x00000000e2080000,0x00000000e25258f8,0x00000000e2580000)
  to   space 10752K, 0% used [0x00000000e4580000,0x00000000e4580000,0x00000000e5000000)
 ParOldGen       total 54272K, used 8967K [0x00000000a0000000, 0x00000000a3500000, 0x00000000e0000000)
  object space 54272K, 16% used [0x00000000a0000000,0x00000000a08c1d38,0x00000000a3500000)
 Metaspace       used 26036K, capacity 26476K, committed 26880K, reserved 1073152K
  class space    used 3592K, capacity 3729K, committed 3840K, reserved 1048576K
Event: 20.758 GC heap after
Heap after GC invocations=7 (full 1):
 PSYoungGen      total 71168K, used 5213K [0x00000000e0000000, 0x00000000e4f80000, 0x0000000100000000)
  eden space 60928K, 0% used [0x00000000e0000000,0x00000000e0000000,0x00000000e3b80000)
  from space 10240K, 50% used [0x00000000e4580000,0x00000000e4a97638,0x00000000e4f80000)
  to   space 10240K, 0% used [0x00000000e3b80000,0x00000000e3b80000,0x00000000e4580000)
 ParOldGen       total 54272K, used 8967K [0x00000000a0000000, 0x00000000a3500000, 0x00000000e0000000)
  object space 54272K, 16% used [0x00000000a0000000,0x00000000a08c1d38,0x00000000a3500000)
 Metaspace       used 26036K, capacity 26476K, committed 26880K, reserved 1073152K
  class space    used 3592K, capacity 3729K, committed 3840K, reserved 1048576K
}
Event: 21.745 GC heap before
{Heap before GC invocations=8 (full 1):
 PSYoungGen      total 71168K, used 66141K [0x00000000e0000000, 0x00000000e4f80000, 0x0000000100000000)
  eden space 60928K, 100% used [0x00000000e0000000,0x00000000e3b80000,0x00000000e3b80000)
  from space 10240K, 50% used [0x00000000e4580000,0x00000000e4a97638,0x00000000e4f80000)
  to   space 10240K, 0% used [0x00000000e3b80000,0x00000000e3b80000,0x00000000e4580000)
 ParOldGen       total 54272K, used 8967K [0x00000000a0000000, 0x00000000a3500000, 0x00000000e0000000)
  object space 54272K, 16% used [0x00000000a0000000,0x00000000a08c1d38,0x00000000a3500000)
 Metaspace       used 29358K, capacity 29840K, committed 30080K, reserved 1075200K
  class space    used 3985K, capacity 4149K, committed 4224K, reserved 1048576K
Event: 21.752 GC heap after
Heap after GC invocations=8 (full 1):
 PSYoungGen      total 71168K, used 6032K [0x00000000e0000000, 0x00000000e7f00000, 0x0000000100000000)
  eden space 60928K, 0% used [0x00000000e0000000,0x00000000e0000000,0x00000000e3b80000)
  from space 10240K, 58% used [0x00000000e3b80000,0x00000000e41642f0,0x00000000e4580000)
  to   space 9728K, 0% used [0x00000000e7580000,0x00000000e7580000,0x00000000e7f00000)
 ParOldGen       total 54272K, used 8975K [0x00000000a0000000, 0x00000000a3500000, 0x00000000e0000000)
  object space 54272K, 16% used [0x00000000a0000000,0x00000000a08c3d38,0x00000000a3500000)
 Metaspace       used 29358K, capacity 29840K, committed 30080K, reserved 1075200K
  class space    used 3985K, capacity 4149K, committed 4224K, reserved 1048576K
}
Event: 22.976 GC heap before
{Heap before GC invocations=9 (full 1):
 PSYoungGen      total 71168K, used 66960K [0x00000000e0000000, 0x00000000e7f00000, 0x0000000100000000)
  eden space 60928K, 100% used [0x00000000e0000000,0x00000000e3b80000,0x00000000e3b80000)
  from space 10240K, 58% used [0x00000000e3b80000,0x00000000e41642f0,0x00000000e4580000)
  to   space 9728K, 0% used [0x00000000e7580000,0x00000000e7580000,0x00000000e7f00000)
 ParOldGen       total 54272K, used 8975K [0x00000000a0000000, 0x00000000a3500000, 0x00000000e0000000)
  object space 54272K, 16% used [0x00000000a0000000,0x00000000a08c3d38,0x00000000a3500000)
 Metaspace       used 34499K, capacity 35094K, committed 35328K, reserved 1079296K
  class space    used 4602K, capacity 4753K, committed 4864K, reserved 1048576K
Event: 22.988 GC heap after
Heap after GC invocations=9 (full 1):
 PSYoungGen      total 118272K, used 9702K [0x00000000e0000000, 0x00000000e8280000, 0x0000000100000000)
  eden space 108544K, 0% used [0x00000000e0000000,0x00000000e0000000,0x00000000e6a00000)
  from space 9728K, 99% used [0x00000000e7580000,0x00000000e7ef9830,0x00000000e7f00000)
  to   space 11776K, 0% used [0x00000000e6a00000,0x00000000e6a00000,0x00000000e7580000)
 ParOldGen       total 54272K, used 10431K [0x00000000a0000000, 0x00000000a3500000, 0x00000000e0000000)
  object space 54272K, 19% used [0x00000000a0000000,0x00000000a0a2fe60,0x00000000a3500000)
 Metaspace       used 34499K, capacity 35094K, committed 35328K, reserved 1079296K
  class space    used 4602K, capacity 4753K, committed 4864K, reserved 1048576K
}
Event: 23.081 GC heap before
{Heap before GC invocations=10 (full 1):
 PSYoungGen      total 118272K, used 22138K [0x00000000e0000000, 0x00000000e8280000, 0x0000000100000000)
  eden space 108544K, 11% used [0x00000000e0000000,0x00000000e0c252a0,0x00000000e6a00000)
  from space 9728K, 99% used [0x00000000e7580000,0x00000000e7ef9830,0x00000000e7f00000)
  to   space 11776K, 0% used [0x00000000e6a00000,0x00000000e6a00000,0x00000000e7580000)
 ParOldGen       total 54272K, used 10431K [0x00000000a0000000, 0x00000000a3500000, 0x00000000e0000000)
  object space 54272K, 19% used [0x00000000a0000000,0x00000000a0a2fe60,0x00000000a3500000)
 Metaspace       used 34746K, capacity 35350K, committed 35496K, reserved 1079296K
  class space    used 4637K, capacity 4817K, committed 4864K, reserved 1048576K
Event: 23.093 GC heap after
Heap after GC invocations=10 (full 1):
 PSYoungGen      total 120320K, used 4467K [0x00000000e0000000, 0x00000000ebd00000, 0x0000000100000000)
  eden space 108544K, 0% used [0x00000000e0000000,0x00000000e0000000,0x00000000e6a00000)
  from space 11776K, 37% used [0x00000000e6a00000,0x00000000e6e5cf18,0x00000000e7580000)
  to   space 11776K, 0% used [0x00000000eb180000,0x00000000eb180000,0x00000000ebd00000)
 ParOldGen       total 54272K, used 13740K [0x00000000a0000000, 0x00000000a3500000, 0x00000000e0000000)
  object space 54272K, 25% used [0x00000000a0000000,0x00000000a0d6b1c0,0x00000000a3500000)
 Metaspace       used 34746K, capacity 35350K, committed 35496K, reserved 1079296K
  class space    used 4637K, capacity 4817K, committed 4864K, reserved 1048576K
}
Event: 23.093 GC heap before
{Heap before GC invocations=11 (full 2):
 PSYoungGen      total 120320K, used 4467K [0x00000000e0000000, 0x00000000ebd00000, 0x0000000100000000)
  eden space 108544K, 0% used [0x00000000e0000000,0x00000000e0000000,0x00000000e6a00000)
  from space 11776K, 37% used [0x00000000e6a00000,0x00000000e6e5cf18,0x00000000e7580000)
  to   space 11776K, 0% used [0x00000000eb180000,0x00000000eb180000,0x00000000ebd00000)
 ParOldGen       total 54272K, used 13740K [0x00000000a0000000, 0x00000000a3500000, 0x00000000e0000000)
  object space 54272K, 25% used [0x00000000a0000000,0x00000000a0d6b1c0,0x00000000a3500000)
 Metaspace       used 34746K, capacity 35350K, committed 35496K, reserved 1079296K
  class space    used 4637K, capacity 4817K, committed 4864K, reserved 1048576K
Event: 23.167 GC heap after
Heap after GC invocations=11 (full 2):
 PSYoungGen      total 120320K, used 0K [0x00000000e0000000, 0x00000000ebd00000, 0x0000000100000000)
  eden space 108544K, 0% used [0x00000000e0000000,0x00000000e0000000,0x00000000e6a00000)
  from space 11776K, 0% used [0x00000000e6a00000,0x00000000e6a00000,0x00000000e7580000)
  to   space 11776K, 0% used [0x00000000eb180000,0x00000000eb180000,0x00000000ebd00000)
 ParOldGen       total 69632K, used 14148K [0x00000000a0000000, 0x00000000a4400000, 0x00000000e0000000)
  object space 69632K, 20% used [0x00000000a0000000,0x00000000a0dd10c0,0x00000000a4400000)
 Metaspace       used 34746K, capacity 35350K, committed 35496K, reserved 1079296K
  class space    used 4637K, capacity 4817K, committed 4864K, reserved 1048576K
}

